#
# A fatal error has been detected by the Java Runtime Environment:
#
#  EXCEPTION_ACCESS_VIOLATION (0xc0000005) at pc=0x000000007a3788f6, pid=10900, tid=11884
#
# JRE version: 6.0_17-b04
# Java VM: Java HotSpot(TM) 64-Bit Server VM (14.3-b01 mixed mode windows-amd64 )
# Problematic frame:
# C  0x000000007a3788f6
#
# If you would like to submit a bug report, please visit:
#   http://java.sun.com/webapps/bugreport/crash.jsp
# The crash happened outside the Java Virtual Machine in native code.
# See problematic frame for where to report the bug.
#

---------------  T H R E A D  ---------------

Current thread (0x000000007d547000):  JavaThread "Prefs Updater" daemon [_thread_in_native, id=11884, stack(0x0000000017080000,0x0000000017100000)]

siginfo: ExceptionCode=0xc0000005, reading address 0xfffffffa4fbde51c

Registers:
EAX=0x00000000079e70e0, EBX=0x0000000007993600, ECX=0xfffffffe9207dd0f, EDX=0x6372756f73657272
ESP=0x00000000170fdb10, EBP=0x0000000029f5a5f0, ESI=0x0000000000000000, EDI=0x0000000076ed3bc5
EIP=0x000000007a3788f6, EFLAGS=0x0000000000010297

Top of Stack: (sp=0x00000000170fdb10)
0x00000000170fdb10:   0000000000000000 0000000000000000
0x00000000170fdb20:   0000000000000000 0000000000000000
0x00000000170fdb30:   0000000000000000 0000000029f5a5f0
0x00000000170fdb40:   0000000007984ce0 00000000170fdbd4
0x00000000170fdb50:   00000000170fdbd0 0000000007985430
0x00000000170fdb60:   000000007d547000 000000007a378a12
0x00000000170fdb70:   0000000000000000 0000000000000000
0x00000000170fdb80:   0000000000000000 0000000000000000
0x00000000170fdb90:   0000000029f5a5f0 000000000798bc70
0x00000000170fdba0:   000000007d547000 0000000078941cf8
0x00000000170fdbb0:   0000000000000000 0000000000000000
0x00000000170fdbc0:   0000000000000000 0000000000000000
0x00000000170fdbd0:   0000000000000000 0000000004730cc0
0x00000000170fdbe0:   0000000000000001 0000000000000060
0x00000000170fdbf0:   0000000000000000 0000000000000000
0x00000000170fdc00:   00000000045b0000 0000000007d43a60 

Instructions: (pc=0x000000007a3788f6)
0x000000007a3788e6:   69 49 63 c4 48 8d 0c 40 48 8b 43 48 4c 8d 24 88
0x000000007a3788f6:   41 39 3c 24 75 44 45 33 c0 49 8b d4 48 8b cb e8 


Stack: [0x0000000017080000,0x0000000017100000],  sp=0x00000000170fdb10,  free space=502k
Native frames: (J=compiled Java code, j=interpreted, Vv=VM code, C=native code)
C  0x000000007a3788f6

Java frames: (J=compiled Java code, j=interpreted, Vv=VM code)
j  java.lang.ClassLoader.findBootstrapClass(Ljava/lang/String;)Ljava/lang/Class;+0
J  java.lang.ClassLoader.loadClass(Ljava/lang/String;Z)Ljava/lang/Class;
J  sun.misc.Launcher$AppClassLoader.loadClass(Ljava/lang/String;Z)Ljava/lang/Class;
j  java.lang.ClassLoader.loadClass(Ljava/lang/String;)Ljava/lang/Class;+3
j  java.util.ResourceBundle$RBClassLoader.loadClass(Ljava/lang/String;)Ljava/lang/Class;+10
j  java.util.ResourceBundle$Control.newBundle(Ljava/lang/String;Ljava/util/Locale;Ljava/lang/String;Ljava/lang/ClassLoader;Z)Ljava/util/ResourceBundle;+24
j  java.util.ResourceBundle.loadBundle(Ljava/util/ResourceBundle$CacheKey;Ljava/util/List;Ljava/util/ResourceBundle$Control;Z)Ljava/util/ResourceBundle;+83
j  java.util.ResourceBundle.findBundle(Ljava/util/ResourceBundle$CacheKey;Ljava/util/List;Ljava/util/List;ILjava/util/ResourceBundle$Control;Ljava/util/ResourceBundle;)Ljava/util/ResourceBundle;+331
j  java.util.ResourceBundle.findBundle(Ljava/util/ResourceBundle$CacheKey;Ljava/util/List;Ljava/util/List;ILjava/util/ResourceBundle$Control;Ljava/util/ResourceBundle;)Ljava/util/ResourceBundle;+37
j  java.util.ResourceBundle.getBundleImpl(Ljava/lang/String;Ljava/util/Locale;Ljava/lang/ClassLoader;Ljava/util/ResourceBundle$Control;)Ljava/util/ResourceBundle;+187
j  java.util.ResourceBundle.getBundle(Ljava/lang/String;Ljava/util/Locale;Ljava/util/ResourceBundle$Control;)Ljava/util/ResourceBundle;+6
j  sun.util.resources.LocaleData$1.run()Ljava/lang/Object;+11
v  ~StubRoutines::call_stub
j  java.security.AccessController.doPrivileged(Ljava/security/PrivilegedAction;)Ljava/lang/Object;+0
j  sun.util.resources.LocaleData.getBundle(Ljava/lang/String;Ljava/util/Locale;)Ljava/util/ResourceBundle;+9
j  sun.util.resources.LocaleData.getTimeZoneNames(Ljava/util/Locale;)Lsun/util/resources/OpenListResourceBundle;+3
j  sun.util.TimeZoneNameUtility.getBundle(Ljava/util/Locale;)Lsun/util/resources/OpenListResourceBundle;+28
j  sun.util.TimeZoneNameUtility.retrieveDisplayNames(Ljava/lang/String;Ljava/util/Locale;)[Ljava/lang/String;+1
j  java.util.TimeZone.getDisplayNames(Ljava/lang/String;Ljava/util/Locale;)[Ljava/lang/String;+82
j  java.util.TimeZone.getDisplayName(ZILjava/util/Locale;)Ljava/lang/String;+45
j  java.util.Date.toString()Ljava/lang/String;+157
j  com.mathworks.services.Prefs.savePrefs(Ljava/io/OutputStream;Ljava/lang/String;)V+36
j  com.mathworks.services.Prefs.save()V+175
j  com.mathworks.services.Prefs$SavePrefsThread.run()V+32
v  ~StubRoutines::call_stub

---------------  P R O C E S S  ---------------

Java Threads: ( => current thread )
  0x000000007d54b000 JavaThread "Image Fetcher 0" daemon [_thread_blocked, id=1356, stack(0x0000000017180000,0x0000000017200000)]
  0x000000007d547800 JavaThread "Code Analyzer updating thread" [_thread_blocked, id=7180, stack(0x0000000017100000,0x0000000017180000)]
=>0x000000007d547000 JavaThread "Prefs Updater" daemon [_thread_in_native, id=11884, stack(0x0000000017080000,0x0000000017100000)]
  0x000000007d54a800 JavaThread "pool-8-thread-1" [_thread_blocked, id=5180, stack(0x0000000018700000,0x0000000018780000)]
  0x000000007d549800 JavaThread "Code Analyzer updating thread" [_thread_blocked, id=11032, stack(0x0000000018500000,0x0000000018580000)]
  0x000000007d544800 JavaThread "Foxtrot Multi Worker Thread Runner #2" daemon [_thread_blocked, id=8516, stack(0x000000001b060000,0x000000001b0e0000)]
  0x000000007d544000 JavaThread "Foxtrot Single Worker Thread #1" daemon [_thread_blocked, id=10236, stack(0x0000000028f90000,0x0000000029010000)]
  0x000000007d546000 JavaThread "Active Reference Queue Daemon" daemon [_thread_blocked, id=12644, stack(0x000000005c840000,0x000000005c8c0000)]
  0x000000000ed3e800 JavaThread "Timer-11" daemon [_thread_blocked, id=8972, stack(0x000000005c7c0000,0x000000005c840000)]
  0x000000000ed3e000 JavaThread "Timer-10" daemon [_thread_blocked, id=14256, stack(0x000000005c740000,0x000000005c7c0000)]
  0x000000000ed3b800 JavaThread "Explorer NavigationContext request queue" [_thread_blocked, id=7816, stack(0x000000005c640000,0x000000005c6c0000)]
  0x000000000ed3c800 JavaThread "AddressBar directory emptiness poller" [_thread_blocked, id=4140, stack(0x000000005c540000,0x000000005c5c0000)]
  0x000000000ed38000 JavaThread "Timer-1" [_thread_blocked, id=4904, stack(0x0000000058250000,0x00000000582d0000)]
  0x000000000ed38800 JavaThread "TimerQueue" daemon [_thread_blocked, id=14324, stack(0x0000000008220000,0x00000000082a0000)]
  0x000000000ed3b000 JavaThread "AWT-EventQueue-0" [_thread_blocked, id=8256, stack(0x0000000008180000,0x0000000008200000)]
  0x000000000ed37800 JavaThread "AWT-Shutdown" [_thread_blocked, id=13468, stack(0x0000000008080000,0x0000000008100000)]
  0x000000000dc3e800 JavaThread "FelixPackageAdmin" daemon [_thread_blocked, id=13860, stack(0x000000000fd90000,0x000000000fe10000)]
  0x000000000dc3d800 JavaThread "FelixStartLevel" daemon [_thread_blocked, id=6848, stack(0x000000000fd10000,0x000000000fd90000)]
  0x000000000ee31000 JavaThread "FelixDispatchQueue" daemon [_thread_blocked, id=5620, stack(0x000000000fc90000,0x000000000fd10000)]
  0x000000000db3f000 JavaThread "com.google.common.base.internal.Finalizer" daemon [_thread_blocked, id=13872, stack(0x0000000008100000,0x0000000008180000)]
  0x000000000eddd800 JavaThread "AWT-Windows" daemon [_thread_in_native, id=9656, stack(0x0000000007f80000,0x0000000008000000)]
  0x000000000d85e800 JavaThread "Java2D Disposer" daemon [_thread_blocked, id=9748, stack(0x0000000007e80000,0x0000000007f00000)]
  0x000000000e7f1800 JavaThread "Timer-0" [_thread_blocked, id=7016, stack(0x000000000f680000,0x000000000f700000)]
  0x000000000e6ff800 JavaThread "EventMgr Dispatcher" daemon [_thread_in_native, id=1280, stack(0x0000000010e50000,0x0000000014e50000)]
  0x000000000d7e5000 JavaThread "Low Memory Detector" daemon [_thread_blocked, id=5784, stack(0x000000000da20000,0x000000000daa0000)]
  0x000000000d7db800 JavaThread "CompilerThread1" daemon [_thread_blocked, id=7668, stack(0x000000007fff0000,0x0000000083ff0000)]
  0x000000000d7da000 JavaThread "CompilerThread0" daemon [_thread_blocked, id=7556, stack(0x000000006c930000,0x0000000070930000)]
  0x000000000d7d9800 JavaThread "Attach Listener" daemon [_thread_blocked, id=8512, stack(0x000000000d9a0000,0x000000000da20000)]
  0x000000000d7a5000 JavaThread "Finalizer" daemon [_thread_blocked, id=9908, stack(0x000000000d920000,0x000000000d9a0000)]
  0x000000000d7a4800 JavaThread "Reference Handler" daemon [_thread_blocked, id=2684, stack(0x000000000d8a0000,0x000000000d920000)]
  0x0000000007981800 JavaThread "main" [_thread_in_native, id=4528, stack(0x0000000000580000,0x0000000004580000)]

Other Threads:
  0x000000000d7a0800 VMThread [stack: 0x0000000068930000,0x000000006c930000] [id=10512]
  0x000000000d802000 WatcherThread [stack: 0x0000000083ff0000,0x0000000087ff0000] [id=9456]

VM state:not at safepoint (normal execution)

VM Mutex/Monitor currently owned by a thread: None

Heap
 PSYoungGen      total 14080K, used 5721K [0x0000000041150000, 0x00000000421b0000, 0x0000000044250000)
  eden space 12096K, 31% used [0x0000000041150000,0x00000000414fc468,0x0000000041d20000)
  from space 1984K, 98% used [0x0000000041f60000,0x000000004214a318,0x0000000042150000)
  to   space 2304K, 0% used [0x0000000041d20000,0x0000000041d20000,0x0000000041f60000)
 PSOldGen        total 70656K, used 57982K [0x0000000037e50000, 0x000000003c350000, 0x0000000041150000)
  object space 70656K, 82% used [0x0000000037e50000,0x000000003b6ef8c8,0x000000003c350000)
 PSPermGen       total 120128K, used 67103K [0x000000002fe50000, 0x00000000373a0000, 0x0000000037e50000)
  object space 120128K, 55% used [0x000000002fe50000,0x0000000033fd7f18,0x00000000373a0000)

Dynamic libraries:
0x00007ff7bc2b0000 - 0x00007ff7bc2e2000 	C:\Program Files\MATLAB\R2012a\bin\win64\MATLAB.exe
0x00007ff8ed320000 - 0x00007ff8ed4c6000 	C:\WINDOWS\SYSTEM32\ntdll.dll
0x00007ff8ec6b0000 - 0x00007ff8ec7ea000 	C:\WINDOWS\system32\KERNEL32.DLL
0x00007ff8ea9f0000 - 0x00007ff8eaaff000 	C:\WINDOWS\system32\KERNELBASE.dll
0x0000000074460000 - 0x0000000074554000 	C:\Program Files\MATLAB\R2012a\bin\win64\libut.dll
0x0000000073f70000 - 0x00000000740ad000 	C:\Program Files\MATLAB\R2012a\bin\win64\libmwfl.dll
0x000000007bed0000 - 0x000000007c183000 	C:\Program Files\MATLAB\R2012a\bin\win64\libmwservices.dll
0x0000000074970000 - 0x0000000074b06000 	C:\Program Files\MATLAB\R2012a\bin\win64\mcr.dll
0x00000000758a0000 - 0x0000000075952000 	C:\Program Files\MATLAB\R2012a\bin\win64\libmwi18n.dll
0x000000005bfe0000 - 0x000000005c0b3000 	C:\WINDOWS\WinSxS\amd64_microsoft.vc90.crt_1fc8b3b9a1e18e3b_9.0.30729.8387_none_08e793bfa83a89b5\MSVCP90.dll
0x000000005bf30000 - 0x000000005bfd3000 	C:\WINDOWS\WinSxS\amd64_microsoft.vc90.crt_1fc8b3b9a1e18e3b_9.0.30729.8387_none_08e793bfa83a89b5\MSVCR90.dll
0x000000007a560000 - 0x000000007a569000 	C:\Program Files\MATLAB\R2012a\bin\win64\boost_system-vc90-mt-1_44.dll
0x000000007a2d0000 - 0x000000007a2e2000 	C:\Program Files\MATLAB\R2012a\bin\win64\boost_thread-vc90-mt-1_44.dll
0x000000005b440000 - 0x000000005b5b1000 	C:\Program Files\MATLAB\R2012a\bin\win64\icuuc44.dll
0x000000005b420000 - 0x000000005b433000 	C:\Program Files\MATLAB\R2012a\bin\win64\icuio44.dll
0x0000000180000000 - 0x0000000180046000 	C:\Program Files\MATLAB\R2012a\bin\win64\tbb.dll
0x00007ff8ed130000 - 0x00007ff8ed137000 	C:\WINDOWS\system32\PSAPI.DLL
0x00007ff8e7450000 - 0x00007ff8e75d8000 	C:\WINDOWS\SYSTEM32\dbghelp.dll
0x00007ff8ecf30000 - 0x00007ff8ecfd5000 	C:\WINDOWS\system32\ADVAPI32.dll
0x00007ff8ecbb0000 - 0x00007ff8ecd21000 	C:\WINDOWS\system32\USER32.dll
0x0000000004780000 - 0x000000000478b000 	C:\Program Files\MATLAB\R2012a\bin\win64\libmwresource_core.dll
0x0000000004790000 - 0x0000000004a86000 	C:\Program Files\MATLAB\R2012a\bin\win64\libmwMATLAB_res.dll
0x000000007a3b0000 - 0x000000007a3c0000 	C:\Program Files\MATLAB\R2012a\bin\win64\boost_date_time-vc90-mt-1_44.dll
0x000000007a170000 - 0x000000007a19c000 	C:\Program Files\MATLAB\R2012a\bin\win64\boost_filesystem-vc90-mt-1_44.dll
0x000000007a250000 - 0x000000007a263000 	C:\Program Files\MATLAB\R2012a\bin\win64\boost_signals-vc90-mt-1_44.dll
0x00007ff8ec930000 - 0x00007ff8ec945000 	C:\WINDOWS\system32\imagehlp.dll
0x0000000075a20000 - 0x0000000075ae2000 	C:\Program Files\MATLAB\R2012a\bin\win64\libmx.dll
0x0000000004aa0000 - 0x0000000004ac1000 	C:\Program Files\MATLAB\R2012a\bin\win64\libmwmfl_scalar.dll
0x0000000075f10000 - 0x0000000075f5d000 	C:\Program Files\MATLAB\R2012a\bin\win64\mpath.dll
0x000000007b680000 - 0x000000007bbe1000 	C:\Program Files\MATLAB\R2012a\bin\win64\mlutil.dll
0x0000000004ad0000 - 0x0000000004aea000 	C:\Program Files\MATLAB\R2012a\bin\win64\libmwMATLAB_settings_res.dll
0x0000000004af0000 - 0x0000000004b37000 	C:\Program Files\MATLAB\R2012a\bin\win64\boost_serialization-vc90-mt-1_44.dll
0x00007ff8ea940000 - 0x00007ff8ea9e1000 	C:\WINDOWS\WinSxS\amd64_microsoft.windows.common-controls_6595b64144ccf1df_5.82.9600.16384_none_34a8918f959016ea\COMCTL32.dll
0x00007ff8ecfe0000 - 0x00007ff8ed07e000 	C:\WINDOWS\system32\COMDLG32.dll
0x00007ff8e7630000 - 0x00007ff8e7645000 	C:\WINDOWS\SYSTEM32\NETAPI32.dll
0x00007ff8ed140000 - 0x00007ff8ed198000 	C:\WINDOWS\system32\WS2_32.dll
0x00007ff8eb2a0000 - 0x00007ff8ec6af000 	C:\WINDOWS\system32\SHELL32.dll
0x00007ff8ed1a0000 - 0x00007ff8ed318000 	C:\WINDOWS\system32\ole32.dll
0x00007ff8eaff0000 - 0x00007ff8eb0b1000 	C:\WINDOWS\system32\OLEAUT32.dll
0x0000000075000000 - 0x000000007536b000 	C:\Program Files\MATLAB\R2012a\bin\win64\iqm.dll
0x0000000079fb0000 - 0x0000000079fe7000 	C:\Program Files\MATLAB\R2012a\bin\win64\libmwbridge.dll
0x000000005b3f0000 - 0x000000005b415000 	C:\Program Files\MATLAB\R2012a\bin\win64\libmex.dll
0x000000005b330000 - 0x000000005b3e3000 	C:\Program Files\MATLAB\R2012a\bin\win64\m_dispatcher.dll
0x000000005b0b0000 - 0x000000005b329000 	C:\Program Files\MATLAB\R2012a\bin\win64\mcos.dll
0x000000005af50000 - 0x000000005b0a2000 	C:\Program Files\MATLAB\R2012a\bin\win64\libmwgui.dll
0x000000005a5a0000 - 0x000000005af43000 	C:\Program Files\MATLAB\R2012a\bin\win64\hg.dll
0x000000005a4a0000 - 0x000000005a59d000 	C:\Program Files\MATLAB\R2012a\bin\win64\hgutils.dll
0x0000000059c70000 - 0x000000005a491000 	C:\Program Files\MATLAB\R2012a\bin\win64\m_interpreter.dll
0x0000000075710000 - 0x00000000757c1000 	C:\Program Files\MATLAB\R2012a\bin\win64\jmi.dll
0x0000000059bb0000 - 0x0000000059c6d000 	C:\Program Files\MATLAB\R2012a\bin\win64\udd_mi.dll
0x0000000004b50000 - 0x0000000004e1a000 	C:\Program Files\MATLAB\R2012a\bin\win64\uiw.dll
0x0000000059b90000 - 0x0000000059bb0000 	C:\Program Files\MATLAB\R2012a\bin\win64\mwoles05.DLL
0x0000000059b10000 - 0x0000000059b8c000 	C:\Program Files\MATLAB\R2012a\bin\win64\comcli.dll
0x0000000059b00000 - 0x0000000059b0c000 	C:\Program Files\MATLAB\R2012a\bin\win64\mlautoregister.dll
0x0000000004e20000 - 0x0000000004e30000 	C:\Program Files\MATLAB\R2012a\bin\win64\boost_iostreams-vc90-mt-1_44.dll
0x00007ff8eac20000 - 0x00007ff8ead64000 	C:\WINDOWS\system32\GDI32.dll
0x000000007a010000 - 0x000000007a035000 	C:\Program Files\MATLAB\R2012a\bin\win64\LIBEXPAT.dll
0x0000000059900000 - 0x0000000059af1000 	C:\Program Files\MATLAB\R2012a\bin\win64\icuin44.dll
0x0000000010000000 - 0x0000000010e41000 	C:\Program Files\MATLAB\R2012a\bin\win64\icudt44.dll
0x00007ff8ec950000 - 0x00007ff8ec9f7000 	C:\WINDOWS\system32\msvcrt.dll
0x00007ff8eced0000 - 0x00007ff8ecf27000 	C:\WINDOWS\SYSTEM32\sechost.dll
0x00007ff8ec7f0000 - 0x00007ff8ec927000 	C:\WINDOWS\system32\RPCRT4.dll
0x000000007a210000 - 0x000000007a228000 	C:\Program Files\MATLAB\R2012a\bin\win64\zlib1.dll
0x0000000059880000 - 0x00000000598ff000 	C:\Program Files\MATLAB\R2012a\bin\win64\xmlcore.dll
0x000000007bc30000 - 0x000000007be83000 	C:\Program Files\MATLAB\R2012a\bin\win64\xerces-c_2_7.dll
0x00007ff8ead70000 - 0x00007ff8eadc1000 	C:\WINDOWS\system32\SHLWAPI.dll
0x00007ff8e9920000 - 0x00007ff8e992c000 	C:\WINDOWS\SYSTEM32\netutils.dll
0x00007ff8ea290000 - 0x00007ff8ea2b5000 	C:\WINDOWS\SYSTEM32\srvcli.dll
0x00007ff8e7670000 - 0x00007ff8e7686000 	C:\WINDOWS\SYSTEM32\wkscli.dll
0x00007ff8eac10000 - 0x00007ff8eac19000 	C:\WINDOWS\system32\NSI.dll
0x00007ff8eb0c0000 - 0x00007ff8eb296000 	C:\WINDOWS\SYSTEM32\combase.dll
0x00000000597b0000 - 0x0000000059878000 	C:\Program Files\MATLAB\R2012a\bin\win64\udd.dll
0x0000000074880000 - 0x000000007496d000 	C:\Program Files\MATLAB\R2012a\bin\win64\boost_regex-vc90-mt-1_44.dll
0x0000000059790000 - 0x00000000597a7000 	C:\Program Files\MATLAB\R2012a\bin\win64\graphics_util.dll
0x0000000076100000 - 0x0000000076167000 	C:\Program Files\MATLAB\R2012a\bin\win64\libmat.dll
0x0000000059740000 - 0x0000000059782000 	C:\Program Files\MATLAB\R2012a\bin\win64\libmwhardcopy.dll
0x00000000596e0000 - 0x000000005973a000 	C:\Program Files\MATLAB\R2012a\bin\win64\libuij.dll
0x00000000594d0000 - 0x00000000596dc000 	C:\Program Files\MATLAB\R2012a\bin\win64\hgdatatypes.dll
0x0000000059440000 - 0x00000000594c6000 	C:\Program Files\MATLAB\R2012a\bin\win64\libmwlapack.dll
0x0000000004fb0000 - 0x0000000004feb000 	C:\Program Files\MATLAB\R2012a\bin\win64\libmwgbtutils.dll
0x0000000004ff0000 - 0x0000000005009000 	C:\Program Files\MATLAB\R2012a\bin\win64\libmwgbt.dll
0x0000000058f50000 - 0x0000000059434000 	C:\WINDOWS\WinSxS\amd64_microsoft.vc90.mfc_1fc8b3b9a1e18e3b_9.0.30729.6161_none_044aad0bab1eb146\mfc90.dll
0x00007ff8e2400000 - 0x00007ff8e247b000 	C:\WINDOWS\SYSTEM32\WINSPOOL.DRV
0x0000000058ec0000 - 0x0000000058f44000 	C:\Program Files\MATLAB\R2012a\bin\win64\profiler.dll
0x0000000005030000 - 0x0000000005285000 	C:\Program Files\MATLAB\R2012a\bin\win64\libmwmathutil.dll
0x0000000079f40000 - 0x0000000079f6d000 	C:\Program Files\MATLAB\R2012a\bin\win64\libmwmathrng.dll
0x0000000058e90000 - 0x0000000058eb1000 	C:\Program Files\MATLAB\R2012a\bin\win64\m_pcodeio.dll
0x0000000079b10000 - 0x0000000079b77000 	C:\Program Files\MATLAB\R2012a\bin\win64\m_ir.dll
0x0000000058840000 - 0x0000000058e90000 	C:\Program Files\MATLAB\R2012a\bin\win64\m_parser.dll
0x0000000058800000 - 0x0000000058831000 	C:\Program Files\MATLAB\R2012a\bin\win64\m_pcodegen.dll
0x0000000005290000 - 0x00000000052fb000 	C:\Program Files\MATLAB\R2012a\bin\win64\libmwspmatrix.dll
0x0000000005310000 - 0x000000000531e000 	C:\Program Files\MATLAB\R2012a\bin\win64\nativejava_services.dll
0x00000000587f0000 - 0x00000000587ff000 	C:\Program Files\MATLAB\R2012a\bin\win64\uinone.dll
0x00007ff8e1260000 - 0x00007ff8e127b000 	C:\WINDOWS\SYSTEM32\MPR.dll
0x000000005c900000 - 0x000000005c92f000 	C:\WINDOWS\WinSxS\amd64_microsoft.vc90.atl_1fc8b3b9a1e18e3b_9.0.30729.6161_none_0a1fd3a3a768b895\ATL90.DLL
0x0000000072d30000 - 0x0000000072f44000 	C:\Program Files\MATLAB\R2012a\bin\win64\hdf5dll.dll
0x00000000587d0000 - 0x00000000587e2000 	C:\Program Files\MATLAB\R2012a\bin\win64\libmwbinder.dll
0x00000000587c0000 - 0x00000000587cb000 	C:\Program Files\MATLAB\R2012a\bin\win64\libmwompwrapper.dll
0x00007ff8e6fd0000 - 0x00007ff8e6fd7000 	C:\WINDOWS\SYSTEM32\MSIMG32.dll
0x0000000074c10000 - 0x0000000074ced000 	C:\Program Files\MATLAB\R2012a\bin\win64\libmwmathcore.dll
0x00000000587a0000 - 0x00000000587ba000 	C:\Program Files\MATLAB\R2012a\bin\win64\ir_xfmr.dll
0x0000000058790000 - 0x000000005879c000 	C:\Program Files\MATLAB\R2012a\bin\win64\mtok.dll
0x00007ff8e8950000 - 0x00007ff8e89ef000 	C:\WINDOWS\SYSTEM32\SHCORE.DLL
0x0000000075ea0000 - 0x0000000075f02000 	C:\Program Files\MATLAB\R2012a\bin\win64\libmwcholmod.dll
0x000000007a460000 - 0x000000007a46d000 	C:\Program Files\MATLAB\R2012a\bin\win64\libmwamd.dll
0x000000007a4b0000 - 0x000000007a4bc000 	C:\Program Files\MATLAB\R2012a\bin\win64\libmwcolamd.dll
0x0000000058770000 - 0x0000000058789000 	C:\Program Files\MATLAB\R2012a\bin\win64\libmwblas.dll
0x00007ff8eafb0000 - 0x00007ff8eafe4000 	C:\WINDOWS\system32\IMM32.DLL
0x00007ff8ecd30000 - 0x00007ff8ece69000 	C:\WINDOWS\system32\MSCTF.dll
0x00007ff8e93d0000 - 0x00007ff8e94f1000 	C:\WINDOWS\system32\UxTheme.dll
0x00007ff8e8550000 - 0x00007ff8e8570000 	C:\WINDOWS\system32\dwmapi.dll
0x0000000058760000 - 0x000000005876d000 	C:\WINDOWS\WinSxS\amd64_microsoft.vc90.mfcloc_1fc8b3b9a1e18e3b_9.0.30729.6161_none_01c9581e60cbee58\MFC90ENU.DLL
0x0000000007320000 - 0x0000000007349000 	C:\Program Files\MATLAB\R2012a\bin\win64\tbbmalloc.dll
0x0000000078870000 - 0x0000000078ecd000 	C:\Program Files\MATLAB\R2012a\sys\java\jre\win64\jre\bin\server\jvm.dll
0x00007ff8e6690000 - 0x00007ff8e66af000 	C:\WINDOWS\SYSTEM32\WINMM.dll
0x00007ff8e5810000 - 0x00007ff8e583a000 	C:\WINDOWS\SYSTEM32\WINMMBASE.dll
0x00007ff8eab00000 - 0x00007ff8eab4a000 	C:\WINDOWS\SYSTEM32\cfgmgr32.dll
0x00007ff8e9500000 - 0x00007ff8e9526000 	C:\WINDOWS\SYSTEM32\DEVOBJ.dll
0x00007ff8ea690000 - 0x00007ff8ea6a4000 	C:\WINDOWS\SYSTEM32\profapi.dll
0x00007ff8e4c40000 - 0x00007ff8e4c69000 	C:\WINDOWS\SYSTEM32\iphlpapi.dll
0x00007ff8e4c20000 - 0x00007ff8e4c2a000 	C:\WINDOWS\SYSTEM32\WINNSI.DLL
0x00007ff8e9ce0000 - 0x00007ff8e9d83000 	C:\WINDOWS\SYSTEM32\DNSAPI.dll
0x00007ff8e4220000 - 0x00007ff8e4234000 	C:\WINDOWS\SYSTEM32\dhcpcsvc6.DLL
0x00007ff8e4900000 - 0x00007ff8e4919000 	C:\WINDOWS\SYSTEM32\dhcpcsvc.DLL
0x00007ff8e1940000 - 0x00007ff8e1943000 	C:\WINDOWS\SYSTEM32\icmp.Dll
0x00007ff8e93c0000 - 0x00007ff8e93ca000 	C:\WINDOWS\SYSTEM32\kernel.appcore.dll
0x00007ff8ea500000 - 0x00007ff8ea50a000 	C:\WINDOWS\SYSTEM32\CRYPTBASE.dll
0x00007ff8ea4a0000 - 0x00007ff8ea500000 	C:\WINDOWS\SYSTEM32\bcryptPrimitives.dll

VM Arguments:
jvm_args: -Xss512k -XX:PermSize=32m -Xms64m -XX:NewRatio=3 -XX:MaxPermSize=128m -Xmx196m -XX:MaxDirectMemorySize=2147400000 -Dsun.java2d.noddraw=true -Dsun.awt.nopixfmt=true -Xshare:off -Xrs -Dsun.awt.disableMixing=true -Djava.library.path=C:\Program Files\MATLAB\R2012a\bin\win64 vfprintf abort 
java_command: <unknown>
Launcher Type: generic

Environment Variables:
PATH=C:\Program Files\MATLAB\R2012a\bin;C:\Program Files\MATLAB\R2012a\bin\win64;C:\ProgramData\Oracle\Java\javapath;C:\Program Files (x86)\AMD APP\bin\x86_64;C:\Program Files (x86)\AMD APP\bin\x86;C:\Program Files (x86)\Intel\iCLS Client\;C:\Program Files\Intel\iCLS Client\;C:\WINDOWS\system32;C:\WINDOWS;C:\WINDOWS\System32\Wbem;C:\WINDOWS\System32\WindowsPowerShell\v1.0\;C:\Program Files\Intel\Intel(R) Management Engine Components\DAL;C:\Program Files\Intel\Intel(R) Management Engine Components\IPT;C:\Program Files (x86)\Intel\Intel(R) Management Engine Components\DAL;C:\Program Files (x86)\Intel\Intel(R) Management Engine Components\IPT;C:\Program Files (x86)\ATI Technologies\ATI.ACE\Core-Static;C:\Program Files (x86)\Autodesk\Backburner\;C:\Program Files\Common Files\Autodesk Shared\;c:\Program Files (x86)\Microsoft SQL Server\100\Tools\Binn\;c:\Program Files\Microsoft SQL Server\100\Tools\Binn\;c:\Program Files\Microsoft SQL Server\100\DTS\Binn\;C:\Program Files\MATLAB\R2012a\runtime\win64;C:\Program Files (x86)\IVI\bin;C:\Program Files (x86)\IVI Foundation\VISA\WinNT\Bin;C:\PROGRA~2\IVIFOU~1\VISA\WinNT\Bin;C:\Program Files (x86)\Windows Kits\8.1\Windows Performance Toolkit\;C:\Program Files\Microsoft SQL Server\110\Tools\Binn\;C:\Program Files (x86)\Windows Live\Shared;C:\Program Files (x86)\MySQL\MySQL Fabric 1.5.2 & MySQL Utilities 1.5.2 1.5\;C:\Program Files (x86)\MySQL\MySQL Fabric 1.5.2 & MySQL Utilities 1.5.2 1.5\Doctrine extensions for PHP\
USERNAME=Miguel Faggioni
OS=Windows_NT
PROCESSOR_IDENTIFIER=Intel64 Family 6 Model 42 Stepping 7, GenuineIntel



---------------  S Y S T E M  ---------------

OS: Windows NT 6.2 Build 9200 

CPU:total 8 (8 cores per cpu, 2 threads per core) family 6 model 42 stepping 7, cmov, cx8, fxsr, mmx, sse, sse2, sse3, ssse3, sse4.1, sse4.2, ht

Memory: 4k page, physical 8335212k(4574528k free), swap 9645932k(4310612k free)

vm_info: Java HotSpot(TM) 64-Bit Server VM (14.3-b01) for windows-amd64 JRE (1.6.0_17-b04), built on Oct 11 2009 00:46:08 by "java_re" with MS VC++ 8.0

time: Wed Nov 26 11:38:45 2014
elapsed time: 22277 seconds

